<?xml version="1.0" encoding="UTF-8"?>
<testsuite name="br.com.rotaract.employrotaract.core.SkillsServiceTest" tests="1" skipped="0" failures="0" errors="0" timestamp="2020-03-09T00:58:23" hostname="pop-os" time="0.341">
  <properties/>
  <testcase name="contextLoads()" classname="br.com.rotaract.employrotaract.core.SkillsServiceTest" time="0.341"/>
  <system-out><![CDATA[21:58:22.925 [Test worker] DEBUG org.springframework.test.context.BootstrapUtils - Instantiating CacheAwareContextLoaderDelegate from class [org.springframework.test.context.cache.DefaultCacheAwareContextLoaderDelegate]
21:58:22.937 [Test worker] DEBUG org.springframework.test.context.BootstrapUtils - Instantiating BootstrapContext using constructor [public org.springframework.test.context.support.DefaultBootstrapContext(java.lang.Class,org.springframework.test.context.CacheAwareContextLoaderDelegate)]
21:58:22.963 [Test worker] DEBUG org.springframework.test.context.BootstrapUtils - Instantiating TestContextBootstrapper for test class [br.com.rotaract.employrotaract.core.SkillsServiceTest] from class [org.springframework.boot.test.context.SpringBootTestContextBootstrapper]
21:58:22.978 [Test worker] INFO org.springframework.boot.test.context.SpringBootTestContextBootstrapper - Neither @ContextConfiguration nor @ContextHierarchy found for test class [br.com.rotaract.employrotaract.core.SkillsServiceTest], using SpringBootContextLoader
21:58:22.982 [Test worker] DEBUG org.springframework.test.context.support.AbstractContextLoader - Did not detect default resource location for test class [br.com.rotaract.employrotaract.core.SkillsServiceTest]: class path resource [br/com/rotaract/employrotaract/core/SkillsServiceTest-context.xml] does not exist
21:58:22.983 [Test worker] DEBUG org.springframework.test.context.support.AbstractContextLoader - Did not detect default resource location for test class [br.com.rotaract.employrotaract.core.SkillsServiceTest]: class path resource [br/com/rotaract/employrotaract/core/SkillsServiceTestContext.groovy] does not exist
21:58:22.984 [Test worker] INFO org.springframework.test.context.support.AbstractContextLoader - Could not detect default resource locations for test class [br.com.rotaract.employrotaract.core.SkillsServiceTest]: no resource found for suffixes {-context.xml, Context.groovy}.
21:58:23.043 [Test worker] DEBUG org.springframework.test.context.support.ActiveProfilesUtils - Could not find an 'annotation declaring class' for annotation type [org.springframework.test.context.ActiveProfiles] and class [br.com.rotaract.employrotaract.core.SkillsServiceTest]
21:58:23.130 [Test worker] DEBUG org.springframework.boot.test.context.SpringBootTestContextBootstrapper - @TestExecutionListeners is not present for class [br.com.rotaract.employrotaract.core.SkillsServiceTest]: using defaults.
21:58:23.130 [Test worker] INFO org.springframework.boot.test.context.SpringBootTestContextBootstrapper - Loaded default TestExecutionListener class names from location [META-INF/spring.factories]: [org.springframework.boot.test.autoconfigure.restdocs.RestDocsTestExecutionListener, org.springframework.boot.test.autoconfigure.web.client.MockRestServiceServerResetTestExecutionListener, org.springframework.boot.test.autoconfigure.web.servlet.MockMvcPrintOnlyOnFailureTestExecutionListener, org.springframework.boot.test.autoconfigure.web.servlet.WebDriverTestExecutionListener, org.springframework.boot.test.mock.mockito.MockitoTestExecutionListener, org.springframework.boot.test.mock.mockito.ResetMocksTestExecutionListener, org.springframework.test.context.web.ServletTestExecutionListener, org.springframework.test.context.support.DirtiesContextBeforeModesTestExecutionListener, org.springframework.test.context.support.DependencyInjectionTestExecutionListener, org.springframework.test.context.support.DirtiesContextTestExecutionListener, org.springframework.test.context.transaction.TransactionalTestExecutionListener, org.springframework.test.context.jdbc.SqlScriptsTestExecutionListener, org.springframework.test.context.event.EventPublishingTestExecutionListener]
21:58:23.136 [Test worker] DEBUG org.springframework.boot.test.context.SpringBootTestContextBootstrapper - Skipping candidate TestExecutionListener [org.springframework.test.context.web.ServletTestExecutionListener] due to a missing dependency. Specify custom listener classes or make the default listener classes and their required dependencies available. Offending class: [javax/servlet/ServletContext]
21:58:23.137 [Test worker] DEBUG org.springframework.boot.test.context.SpringBootTestContextBootstrapper - Skipping candidate TestExecutionListener [org.springframework.test.context.transaction.TransactionalTestExecutionListener] due to a missing dependency. Specify custom listener classes or make the default listener classes and their required dependencies available. Offending class: [org/springframework/transaction/interceptor/TransactionAttributeSource]
21:58:23.138 [Test worker] DEBUG org.springframework.boot.test.context.SpringBootTestContextBootstrapper - Skipping candidate TestExecutionListener [org.springframework.test.context.jdbc.SqlScriptsTestExecutionListener] due to a missing dependency. Specify custom listener classes or make the default listener classes and their required dependencies available. Offending class: [org/springframework/transaction/interceptor/TransactionAttribute]
21:58:23.138 [Test worker] INFO org.springframework.boot.test.context.SpringBootTestContextBootstrapper - Using TestExecutionListeners: [org.springframework.test.context.support.DirtiesContextBeforeModesTestExecutionListener@3c229016, org.springframework.boot.test.mock.mockito.MockitoTestExecutionListener@7e7685d3, org.springframework.boot.test.autoconfigure.SpringBootDependencyInjectionTestExecutionListener@aecc7c6, org.springframework.test.context.support.DirtiesContextTestExecutionListener@35621a55, org.springframework.test.context.event.EventPublishingTestExecutionListener@1de89ecf, org.springframework.boot.test.autoconfigure.restdocs.RestDocsTestExecutionListener@577ad8bc, org.springframework.boot.test.autoconfigure.web.client.MockRestServiceServerResetTestExecutionListener@3bc4e762, org.springframework.boot.test.autoconfigure.web.servlet.MockMvcPrintOnlyOnFailureTestExecutionListener@1e51f2fd, org.springframework.boot.test.autoconfigure.web.servlet.WebDriverTestExecutionListener@4716191e, org.springframework.boot.test.mock.mockito.ResetMocksTestExecutionListener@46a88678]
21:58:23.141 [Test worker] DEBUG org.springframework.test.context.support.AbstractDirtiesContextTestExecutionListener - Before test class: context [DefaultTestContext@56053335 testClass = SkillsServiceTest, testInstance = [null], testMethod = [null], testException = [null], mergedContextConfiguration = [MergedContextConfiguration@378bd555 testClass = SkillsServiceTest, locations = '{}', classes = '{class br.com.rotaract.employrotaract.core.SkillsServiceTest$TestConfiguration}', contextInitializerClasses = '[]', activeProfiles = '{}', propertySourceLocations = '{}', propertySourceProperties = '{org.springframework.boot.test.context.SpringBootTestContextBootstrapper=true}', contextCustomizers = set[org.springframework.boot.test.autoconfigure.properties.PropertyMappingContextCustomizer@0, org.springframework.boot.test.autoconfigure.web.servlet.WebDriverContextCustomizerFactory$Customizer@47dadb9c, org.springframework.boot.test.context.filter.ExcludeFilterContextCustomizer@10cf827d, org.springframework.boot.test.json.DuplicateJsonObjectContextCustomizerFactory$DuplicateJsonObjectContextCustomizer@a3bf4b, org.springframework.boot.test.mock.mockito.MockitoContextCustomizer@0, org.springframework.boot.test.web.client.TestRestTemplateContextCustomizer@7b0321cf], contextLoader = 'org.springframework.boot.test.context.SpringBootContextLoader', parent = [null]], attributes = map[[empty]]], class annotated with @DirtiesContext [false] with mode [null].
21:58:23.150 [Test worker] DEBUG org.springframework.test.context.support.DependencyInjectionTestExecutionListener - Performing dependency injection for test context [[DefaultTestContext@56053335 testClass = SkillsServiceTest, testInstance = br.com.rotaract.employrotaract.core.SkillsServiceTest@86fd238, testMethod = [null], testException = [null], mergedContextConfiguration = [MergedContextConfiguration@378bd555 testClass = SkillsServiceTest, locations = '{}', classes = '{class br.com.rotaract.employrotaract.core.SkillsServiceTest$TestConfiguration}', contextInitializerClasses = '[]', activeProfiles = '{}', propertySourceLocations = '{}', propertySourceProperties = '{org.springframework.boot.test.context.SpringBootTestContextBootstrapper=true}', contextCustomizers = set[org.springframework.boot.test.autoconfigure.properties.PropertyMappingContextCustomizer@0, org.springframework.boot.test.autoconfigure.web.servlet.WebDriverContextCustomizerFactory$Customizer@47dadb9c, org.springframework.boot.test.context.filter.ExcludeFilterContextCustomizer@10cf827d, org.springframework.boot.test.json.DuplicateJsonObjectContextCustomizerFactory$DuplicateJsonObjectContextCustomizer@a3bf4b, org.springframework.boot.test.mock.mockito.MockitoContextCustomizer@0, org.springframework.boot.test.web.client.TestRestTemplateContextCustomizer@7b0321cf], contextLoader = 'org.springframework.boot.test.context.SpringBootContextLoader', parent = [null]], attributes = map[[empty]]]].
21:58:23.177 [Test worker] DEBUG org.springframework.test.context.support.TestPropertySourceUtils - Adding inlined properties to environment: {spring.jmx.enabled=false, org.springframework.boot.test.context.SpringBootTestContextBootstrapper=true, server.port=-1}

  .   ____          _            __ _ _
 /\\ / ___'_ __ _ _(_)_ __  __ _ \ \ \ \
( ( )\___ | '_ | '_| | '_ \/ _` | \ \ \ \
 \\/  ___)| |_)| | | | | || (_| |  ) ) ) )
  '  |____| .__|_| |_|_| |_\__, | / / / /
 =========|_|==============|___/=/_/_/_/
 :: Spring Boot ::        (v2.2.5.RELEASE)

2020-03-08 21:58:23.451  INFO 7303 --- [    Test worker] b.c.r.e.core.SkillsServiceTest           : Starting SkillsServiceTest on pop-os with PID 7303 (started by gabriel in /home/gabriel/Projetos/Rotaract/Emprega4621/employ-rotaract/employ-rotaract-core)
2020-03-08 21:58:23.453  INFO 7303 --- [    Test worker] b.c.r.e.core.SkillsServiceTest           : No active profile set, falling back to default profiles: default
2020-03-08 21:58:23.902  INFO 7303 --- [    Test worker] b.c.r.e.core.SkillsServiceTest           : Started SkillsServiceTest in 0.721 seconds (JVM running for 1.882)
]]></system-out>
  <system-err><![CDATA[]]></system-err>
</testsuite>
